Using pre-set license
Built from '2021.3/staging' branch; Version is '2021.3.21f1 (1b156197d683) revision 1774945'; Using compiler version '192829333'; Build Type 'Release'
OS: 'Windows 10  (10.0.19045) 64bit Core' Language: 'es' Physical Memory: 32344 MB
BatchMode: 1, IsHumanControllingUs: 0, StartBugReporterOnCrash: 0, Is64bit: 1, IsPro: 1

COMMAND LINE ARGUMENTS:
C:\Program Files\Unity\Hub\Editor\2021.3.21f1\Editor\Unity.exe
-adb2
-batchMode
-noUpm
-name
AssetImportWorker3
-projectPath
C:/Users/Julio Glez/Downloads/GPU/Proyecto_GraCom/Proyecto_GraCom/GraCom
-logFile
Logs/AssetImportWorker3.log
-srvPort
60887
Successfully changed project path to: C:/Users/Julio Glez/Downloads/GPU/Proyecto_GraCom/Proyecto_GraCom/GraCom
C:/Users/Julio Glez/Downloads/GPU/Proyecto_GraCom/Proyecto_GraCom/GraCom
[UnityMemory] Configuration Parameters - Can be set up in boot.config
    "memorysetup-bucket-allocator-granularity=16"
    "memorysetup-bucket-allocator-bucket-count=8"
    "memorysetup-bucket-allocator-block-size=33554432"
    "memorysetup-bucket-allocator-block-count=8"
    "memorysetup-main-allocator-block-size=16777216"
    "memorysetup-thread-allocator-block-size=16777216"
    "memorysetup-gfx-main-allocator-block-size=16777216"
    "memorysetup-gfx-thread-allocator-block-size=16777216"
    "memorysetup-cache-allocator-block-size=4194304"
    "memorysetup-typetree-allocator-block-size=2097152"
    "memorysetup-profiler-bucket-allocator-granularity=16"
    "memorysetup-profiler-bucket-allocator-bucket-count=8"
    "memorysetup-profiler-bucket-allocator-block-size=33554432"
    "memorysetup-profiler-bucket-allocator-block-count=8"
    "memorysetup-profiler-allocator-block-size=16777216"
    "memorysetup-profiler-editor-allocator-block-size=1048576"
    "memorysetup-temp-allocator-size-main=16777216"
    "memorysetup-job-temp-allocator-block-size=2097152"
    "memorysetup-job-temp-allocator-block-size-background=1048576"
    "memorysetup-job-temp-allocator-reduction-small-platforms=262144"
    "memorysetup-temp-allocator-size-background-worker=32768"
    "memorysetup-temp-allocator-size-job-worker=262144"
    "memorysetup-temp-allocator-size-preload-manager=33554432"
    "memorysetup-temp-allocator-size-nav-mesh-worker=65536"
    "memorysetup-temp-allocator-size-audio-worker=65536"
    "memorysetup-temp-allocator-size-cloud-worker=32768"
    "memorysetup-temp-allocator-size-gi-baking-worker=262144"
    "memorysetup-temp-allocator-size-gfx=262144"
Player connection [25672] Host "[IP] 192.168.56.1 [Port] 0 [Flags] 2 [Guid] 1206317403 [EditorId] 1206317403 [Version] 1048832 [Id] WindowsEditor(7,JulioGlezz) [Debug] 1 [PackageName] WindowsEditor [ProjectName] Editor" joined multi-casting on [225.0.0.222:54997]...

Player connection [25672] Host "[IP] 192.168.56.1 [Port] 0 [Flags] 2 [Guid] 1206317403 [EditorId] 1206317403 [Version] 1048832 [Id] WindowsEditor(7,JulioGlezz) [Debug] 1 [PackageName] WindowsEditor [ProjectName] Editor" joined alternative multi-casting on [225.0.0.222:34997]...

Refreshing native plugins compatible for Editor in 70.41 ms, found 3 plugins.
Preloading 0 native plugins for Editor in 0.00 ms.
Initialize engine version: 2021.3.21f1 (1b156197d683)
[Subsystems] Discovering subsystems at path C:/Program Files/Unity/Hub/Editor/2021.3.21f1/Editor/Data/Resources/UnitySubsystems
[Subsystems] Discovering subsystems at path C:/Users/Julio Glez/Downloads/GPU/Proyecto_GraCom/Proyecto_GraCom/GraCom/Assets
GfxDevice: creating device client; threaded=0; jobified=0
Direct3D:
    Version:  Direct3D 11.0 [level 11.1]
    Renderer: NVIDIA GeForce RTX 3070 Laptop GPU (ID=0x249d)
    Vendor:   NVIDIA
    VRAM:     8033 MB
    Driver:   31.0.15.3161
Initialize mono
Mono path[0] = 'C:/Program Files/Unity/Hub/Editor/2021.3.21f1/Editor/Data/Managed'
Mono path[1] = 'C:/Program Files/Unity/Hub/Editor/2021.3.21f1/Editor/Data/MonoBleedingEdge/lib/mono/unityjit-win32'
Mono config path = 'C:/Program Files/Unity/Hub/Editor/2021.3.21f1/Editor/Data/MonoBleedingEdge/etc'
Using monoOptions --debugger-agent=transport=dt_socket,embedding=1,server=y,suspend=n,address=127.0.0.1:56764
Begin MonoManager ReloadAssembly
Registering precompiled unity dll's ...
Register platform support module: C:/Program Files/Unity/Hub/Editor/2021.3.21f1/Editor/Data/PlaybackEngines/WebGLSupport/UnityEditor.WebGL.Extensions.dll
Register platform support module: C:/Program Files/Unity/Hub/Editor/2021.3.21f1/Editor/Data/PlaybackEngines/WindowsStandaloneSupport/UnityEditor.WindowsStandalone.Extensions.dll
Registered in 0.007104 seconds.
Native extension for WindowsStandalone target not found
Native extension for WebGL target not found
Refreshing native plugins compatible for Editor in 68.44 ms, found 3 plugins.
Preloading 0 native plugins for Editor in 0.00 ms.
Mono: successfully reloaded assembly
- Completed reload, in  0.562 seconds
Domain Reload Profiling:
	ReloadAssembly (562ms)
		BeginReloadAssembly (75ms)
			ExecutionOrderSort (0ms)
			DisableScriptedObjects (0ms)
			BackupInstance (0ms)
			ReleaseScriptingObjects (0ms)
			CreateAndSetChildDomain (1ms)
		EndReloadAssembly (402ms)
			LoadAssemblies (73ms)
			RebuildTransferFunctionScriptingTraits (0ms)
			SetupTypeCache (96ms)
			ReleaseScriptCaches (0ms)
			RebuildScriptCaches (24ms)
			SetupLoadedEditorAssemblies (230ms)
				LogAssemblyErrors (0ms)
				InitializePlatformSupportModulesInManaged (8ms)
				SetLoadedEditorAssemblies (0ms)
				RefreshPlugins (69ms)
				BeforeProcessingInitializeOnLoad (1ms)
				ProcessInitializeOnLoadAttributes (108ms)
				ProcessInitializeOnLoadMethodAttributes (45ms)
				AfterProcessingInitializeOnLoad (0ms)
				EditorAssembliesLoaded (0ms)
			ExecutionOrderSort2 (0ms)
			AwakeInstancesAfterBackupRestoration (0ms)
Platform modules already initialized, skipping
Registering precompiled user dll's ...
Registered in 0.005109 seconds.
Begin MonoManager ReloadAssembly
Symbol file LoadedFromMemory doesn't match image C:\Users\Julio Glez\Downloads\GPU\Proyecto_GraCom\Proyecto_GraCom\GraCom\Library\PackageCache\com.unity.visualscripting@1.8.0\Editor\VisualScripting.Core\Dependencies\YamlDotNet\Unity.VisualScripting.YamlDotNet.dll
Symbol file LoadedFromMemory doesn't match image C:\Users\Julio Glez\Downloads\GPU\Proyecto_GraCom\Proyecto_GraCom\GraCom\Library\PackageCache\com.unity.visualscripting@1.8.0\Editor\VisualScripting.Core\Dependencies\DotNetZip\Unity.VisualScripting.IonicZip.dll
Native extension for WindowsStandalone target not found
Native extension for WebGL target not found
Refreshing native plugins compatible for Editor in 0.55 ms, found 3 plugins.
Preloading 0 native plugins for Editor in 0.00 ms.
Mono: successfully reloaded assembly
- Completed reload, in  0.852 seconds
Domain Reload Profiling:
	ReloadAssembly (853ms)
		BeginReloadAssembly (110ms)
			ExecutionOrderSort (0ms)
			DisableScriptedObjects (4ms)
			BackupInstance (0ms)
			ReleaseScriptingObjects (0ms)
			CreateAndSetChildDomain (19ms)
		EndReloadAssembly (656ms)
			LoadAssemblies (84ms)
			RebuildTransferFunctionScriptingTraits (0ms)
			SetupTypeCache (230ms)
			ReleaseScriptCaches (1ms)
			RebuildScriptCaches (43ms)
			SetupLoadedEditorAssemblies (287ms)
				LogAssemblyErrors (0ms)
				InitializePlatformSupportModulesInManaged (6ms)
				SetLoadedEditorAssemblies (0ms)
				RefreshPlugins (1ms)
				BeforeProcessingInitializeOnLoad (75ms)
				ProcessInitializeOnLoadAttributes (180ms)
				ProcessInitializeOnLoadMethodAttributes (17ms)
				AfterProcessingInitializeOnLoad (7ms)
				EditorAssembliesLoaded (0ms)
			ExecutionOrderSort2 (0ms)
			AwakeInstancesAfterBackupRestoration (5ms)
Platform modules already initialized, skipping
========================================================================
Worker process is ready to serve import requests
Launched and connected shader compiler UnityShaderCompiler.exe after 0.04 seconds
Refreshing native plugins compatible for Editor in 0.71 ms, found 3 plugins.
Preloading 0 native plugins for Editor in 0.00 ms.
Unloading 3047 Unused Serialized files (Serialized files now loaded: 0)
Unloading 24 unused Assets / (113.4 KB). Loaded Objects now: 3507.
Memory consumption went from 107.6 MB to 107.5 MB.
Total: 3.236800 ms (FindLiveObjects: 0.318500 ms CreateObjectMapping: 0.152900 ms MarkObjects: 2.616500 ms  DeleteObjects: 0.146400 ms)

AssetImportParameters requested are different than current active one (requested -> active):
  custom:video-decoder-ogg-theora: a1e56fd34408186e4bbccfd4996cb3dc -> 
  custom:container-muxer-webm: aa71ff27fc2769a1b78a27578f13a17b -> 
  custom:container-demuxer-webm: 4f35f7cbe854078d1ac9338744f61a02 -> 
  custom:video-encoder-webm-vp8: eb34c28f22e8b96e1ab97ce403110664 -> 
  custom:video-codec-MediaFoundation-h265: 746d11721c4dcdbdad8f713fa42b33f4 -> 
  custom:audio-encoder-webm-vorbis: bf7c407c2cedff20999df2af8eb42d56 -> 
  custom:framework-win-MediaFoundation: 216162199b28c13a410421893ffa2e32 -> 
  custom:container-demuxer-ogg: 62fdf1f143b41e24485cea50d1cbac27 -> 
  custom:video-decoder-webm-vp8: 9c59270c3fd7afecdb556c50c9e8de78 -> 
  custom:audio-decoder-ogg-vorbis: bf7c407c2cedff20999df2af8eb42d56 -> 
========================================================================
Received Import Request.
  Time since last request: 66495.510635 seconds.
  path: Assets/CavePlatform2_2.fbx
  artifactKey: Guid(4d595a17305872f4ca35556ff5aa5097) Importer(815301076,1909f56bfc062723c751e8b465ee728b)
Start importing Assets/CavePlatform2_2.fbx using Guid(4d595a17305872f4ca35556ff5aa5097) Importer(815301076,1909f56bfc062723c751e8b465ee728b)  -> (artifact id: '5102856b564698d056bff662b31501ec') in 0.212710 seconds 
========================================================================
Received Import Request.
  Time since last request: 0.000035 seconds.
  path: Assets/ObeliskSet01_C.fbx
  artifactKey: Guid(16e102bd06b56a5458dce3384d5b5884) Importer(815301076,1909f56bfc062723c751e8b465ee728b)
Start importing Assets/ObeliskSet01_C.fbx using Guid(16e102bd06b56a5458dce3384d5b5884) Importer(815301076,1909f56bfc062723c751e8b465ee728b)  -> (artifact id: 'ead5f6ce012e047a04cded4cd01135e2') in 0.037975 seconds 
========================================================================
Received Import Request.
  Time since last request: 0.000048 seconds.
  path: Assets/ObeliskSet01_G.fbx
  artifactKey: Guid(effde6a1073ac324ebb15bb08084dc18) Importer(815301076,1909f56bfc062723c751e8b465ee728b)
Start importing Assets/ObeliskSet01_G.fbx using Guid(effde6a1073ac324ebb15bb08084dc18) Importer(815301076,1909f56bfc062723c751e8b465ee728b)  -> (artifact id: '3c6f4478e0b1b3b2f0656a1b72730eb4') in 0.021681 seconds 
========================================================================
Received Import Request.
  Time since last request: 0.000046 seconds.
  path: Assets/deneme.obj
  artifactKey: Guid(11428de5313eba146ab33f3812267694) Importer(815301076,1909f56bfc062723c751e8b465ee728b)
Start importing Assets/deneme.obj using Guid(11428de5313eba146ab33f3812267694) Importer(815301076,1909f56bfc062723c751e8b465ee728b)  -> (artifact id: 'e226d8cd8a86e8a3f6f60c81e3bd1550') in 0.023292 seconds 
========================================================================
Received Import Request.
  Time since last request: 0.000021 seconds.
  path: Assets/ObeliskSet01_F.fbx
  artifactKey: Guid(82e56b70ee4545541b79a5e9ea44915f) Importer(815301076,1909f56bfc062723c751e8b465ee728b)
Start importing Assets/ObeliskSet01_F.fbx using Guid(82e56b70ee4545541b79a5e9ea44915f) Importer(815301076,1909f56bfc062723c751e8b465ee728b)  -> (artifact id: '8617c5dfe86d48f2f04aaf3e15c839ed') in 0.023240 seconds 
========================================================================
Received Import Request.
  Time since last request: 0.000029 seconds.
  path: Assets/luna_-_moon.obj
  artifactKey: Guid(fa585aba76ae49542ac0210af012bcff) Importer(815301076,1909f56bfc062723c751e8b465ee728b)
Start importing Assets/luna_-_moon.obj using Guid(fa585aba76ae49542ac0210af012bcff) Importer(815301076,1909f56bfc062723c751e8b465ee728b)  -> (artifact id: 'c35f5f171006956c4373f42deca1f055') in 0.086112 seconds 
========================================================================
Received Import Request.
  Time since last request: 0.000020 seconds.
  path: Assets/ObeliskSet01_E.fbx
  artifactKey: Guid(c39f7e0ea970fa64aa180d212cc908a5) Importer(815301076,1909f56bfc062723c751e8b465ee728b)
Start importing Assets/ObeliskSet01_E.fbx using Guid(c39f7e0ea970fa64aa180d212cc908a5) Importer(815301076,1909f56bfc062723c751e8b465ee728b)  -> (artifact id: 'b90f12b55c3284314e9c9d02f13dea05') in 0.020213 seconds 
========================================================================
Received Import Request.
  Time since last request: 0.000018 seconds.
  path: Assets/ObeliskSet01_A.fbx
  artifactKey: Guid(16e4e2320662d3e4b8f4475eb0bfdfd3) Importer(815301076,1909f56bfc062723c751e8b465ee728b)
Start importing Assets/ObeliskSet01_A.fbx using Guid(16e4e2320662d3e4b8f4475eb0bfdfd3) Importer(815301076,1909f56bfc062723c751e8b465ee728b)  -> (artifact id: '66940302ba6a1eae1326df8bb509a97f') in 0.022184 seconds 
========================================================================
Received Import Request.
  Time since last request: 0.000020 seconds.
  path: Assets/ObeliskSet01_D.fbx
  artifactKey: Guid(97ddcafb90b717d47aceefe512f7f41b) Importer(815301076,1909f56bfc062723c751e8b465ee728b)
Start importing Assets/ObeliskSet01_D.fbx using Guid(97ddcafb90b717d47aceefe512f7f41b) Importer(815301076,1909f56bfc062723c751e8b465ee728b)  -> (artifact id: 'ac3ef0db1f3d5af1fc342b0c492c213f') in 0.023176 seconds 
========================================================================
Received Import Request.
  Time since last request: 0.000031 seconds.
  path: Assets/CavePlatform2_4.fbx
  artifactKey: Guid(45bfaf21f6e1b5041a722d49aaf60c4c) Importer(815301076,1909f56bfc062723c751e8b465ee728b)
Start importing Assets/CavePlatform2_4.fbx using Guid(45bfaf21f6e1b5041a722d49aaf60c4c) Importer(815301076,1909f56bfc062723c751e8b465ee728b)  -> (artifact id: 'b5ef7f4b87c7cc30bac3a27ec9ac3977') in 0.020581 seconds 
Editor requested this worker to shutdown with reason: Scaling down because of idle timeout
AssetImportWorker is now disconnected from the server
Process exiting
Exiting without the bug reporter. Application will terminate with return code 0