Unity Editor version:    2021.3.21f1 (1b156197d683)
Branch:                  2021.3/staging
Build type:              Release
Batch mode:              YES
macOS version:           Version 11.7 (Build 20G817)
Darwin version:          20.6.0
Architecture:            x86_64
Running under Rosetta:   NO
Available memory:        8192 MB
Using pre-set license
Pro License: YES

COMMAND LINE ARGUMENTS:
/Applications/Unity/Unity.app/Contents/MacOS/Unity
-adb2
-batchMode
-noUpm
-name
AssetImportWorker2
-projectPath
/Users/hanniasamaniego/Desktop/GPU/Untitled/GraCom
-logFile
Logs/AssetImportWorker2.log
-srvPort
54519
Successfully changed project path to: /Users/hanniasamaniego/Desktop/GPU/Untitled/GraCom
/Users/hanniasamaniego/Desktop/GPU/Untitled/GraCom
[UnityMemory] Configuration Parameters - Can be set up in boot.config
    "memorysetup-bucket-allocator-granularity=16"
    "memorysetup-bucket-allocator-bucket-count=8"
    "memorysetup-bucket-allocator-block-size=33554432"
    "memorysetup-bucket-allocator-block-count=8"
    "memorysetup-main-allocator-block-size=16777216"
    "memorysetup-thread-allocator-block-size=16777216"
    "memorysetup-gfx-main-allocator-block-size=16777216"
    "memorysetup-gfx-thread-allocator-block-size=16777216"
    "memorysetup-cache-allocator-block-size=4194304"
    "memorysetup-typetree-allocator-block-size=2097152"
    "memorysetup-profiler-bucket-allocator-granularity=16"
    "memorysetup-profiler-bucket-allocator-bucket-count=8"
    "memorysetup-profiler-bucket-allocator-block-size=33554432"
    "memorysetup-profiler-bucket-allocator-block-count=8"
    "memorysetup-profiler-allocator-block-size=16777216"
    "memorysetup-profiler-editor-allocator-block-size=1048576"
    "memorysetup-temp-allocator-size-main=16777216"
    "memorysetup-job-temp-allocator-block-size=2097152"
    "memorysetup-job-temp-allocator-block-size-background=1048576"
    "memorysetup-job-temp-allocator-reduction-small-platforms=262144"
    "memorysetup-temp-allocator-size-background-worker=32768"
    "memorysetup-temp-allocator-size-job-worker=262144"
    "memorysetup-temp-allocator-size-preload-manager=33554432"
    "memorysetup-temp-allocator-size-nav-mesh-worker=65536"
    "memorysetup-temp-allocator-size-audio-worker=65536"
    "memorysetup-temp-allocator-size-cloud-worker=32768"
    "memorysetup-temp-allocator-size-gi-baking-worker=262144"
    "memorysetup-temp-allocator-size-gfx=262144"
Player connection [4797758976] Host "[IP] 192.168.0.103 [Port] 0 [Flags] 2 [Guid] 2850325855 [EditorId] 2850325855 [Version] 1048832 [Id] OSXEditor(0,Hannias-MacBook-Air-1930.local) [Debug] 1 [PackageName] OSXEditor [ProjectName] Editor" joined multi-casting on [225.0.0.222:54997]...

Player connection [4797758976] Host "[IP] 192.168.0.103 [Port] 0 [Flags] 2 [Guid] 2850325855 [EditorId] 2850325855 [Version] 1048832 [Id] OSXEditor(0,Hannias-MacBook-Air-1930.local) [Debug] 1 [PackageName] OSXEditor [ProjectName] Editor" joined alternative multi-casting on [225.0.0.222:34997]...

Refreshing native plugins compatible for Editor in 474.57 ms, found 2 plugins.
Preloading 0 native plugins for Editor in 0.00 ms.
Initialize engine version: 2021.3.21f1 (1b156197d683)
[Subsystems] Discovering subsystems at path /Applications/Unity/Unity.app/Contents/Resources/UnitySubsystems
[Subsystems] Discovering subsystems at path /Users/hanniasamaniego/Desktop/GPU/Untitled/GraCom/Assets
GfxDevice: creating device client; threaded=0; jobified=0
Color LCD preferred device: Intel(R) Iris(TM) Graphics 6000 (low power)
Metal devices available: 1
0: Intel(R) Iris(TM) Graphics 6000 (low power)
Using device Intel(R) Iris(TM) Graphics 6000 (low power)
Initializing Metal device caps: Intel(R) Iris(TM) Graphics 6000
Initialize mono
Mono path[0] = '/Applications/Unity/Unity.app/Contents/Managed'
Mono path[1] = '/Applications/Unity/Unity.app/Contents/MonoBleedingEdge/lib/mono/unityjit-macos'
Mono config path = '/Applications/Unity/Unity.app/Contents/MonoBleedingEdge/etc'
Using monoOptions --debugger-agent=transport=dt_socket,embedding=1,server=y,suspend=n,address=127.0.0.1:56719
Begin MonoManager ReloadAssembly
Registering precompiled unity dll's ...
Register platform support module: /Applications/Unity/Unity.app/Contents/PlaybackEngines/MacStandaloneSupport/UnityEditor.OSXStandalone.Extensions.dll
Registered in 0.003498 seconds.
Native extension for OSXStandalone target not found
Refreshing native plugins compatible for Editor in 440.86 ms, found 2 plugins.
Preloading 0 native plugins for Editor in 0.00 ms.
Mono: successfully reloaded assembly
- Completed reload, in  4.606 seconds
Domain Reload Profiling:
	ReloadAssembly (4608ms)
		BeginReloadAssembly (612ms)
			ExecutionOrderSort (0ms)
			DisableScriptedObjects (0ms)
			BackupInstance (0ms)
			ReleaseScriptingObjects (0ms)
			CreateAndSetChildDomain (10ms)
		EndReloadAssembly (3230ms)
			LoadAssemblies (595ms)
			RebuildTransferFunctionScriptingTraits (0ms)
			SetupTypeCache (931ms)
			ReleaseScriptCaches (0ms)
			RebuildScriptCaches (278ms)
			SetupLoadedEditorAssemblies (1720ms)
				LogAssemblyErrors (0ms)
				InitializePlatformSupportModulesInManaged (21ms)
				SetLoadedEditorAssemblies (1ms)
				RefreshPlugins (441ms)
				BeforeProcessingInitializeOnLoad (8ms)
				ProcessInitializeOnLoadAttributes (987ms)
				ProcessInitializeOnLoadMethodAttributes (262ms)
				AfterProcessingInitializeOnLoad (0ms)
				EditorAssembliesLoaded (0ms)
			ExecutionOrderSort2 (0ms)
			AwakeInstancesAfterBackupRestoration (0ms)
Platform modules already initialized, skipping
Registering precompiled user dll's ...
Registered in 0.013524 seconds.
Begin MonoManager ReloadAssembly
Symbol file LoadedFromMemory doesn't match image /Users/hanniasamaniego/Desktop/GPU/Untitled/GraCom/Library/PackageCache/com.unity.visualscripting@1.8.0/Editor/VisualScripting.Core/Dependencies/YamlDotNet/Unity.VisualScripting.YamlDotNet.dll
Symbol file LoadedFromMemory doesn't match image /Users/hanniasamaniego/Desktop/GPU/Untitled/GraCom/Library/PackageCache/com.unity.visualscripting@1.8.0/Editor/VisualScripting.Core/Dependencies/DotNetZip/Unity.VisualScripting.IonicZip.dll
Native extension for OSXStandalone target not found
Refreshing native plugins compatible for Editor in 5.43 ms, found 2 plugins.
Preloading 0 native plugins for Editor in 0.00 ms.
Mono: successfully reloaded assembly
- Completed reload, in  7.507 seconds
Domain Reload Profiling:
	ReloadAssembly (7510ms)
		BeginReloadAssembly (744ms)
			ExecutionOrderSort (0ms)
			DisableScriptedObjects (29ms)
			BackupInstance (0ms)
			ReleaseScriptingObjects (0ms)
			CreateAndSetChildDomain (119ms)
		EndReloadAssembly (6078ms)
			LoadAssemblies (674ms)
			RebuildTransferFunctionScriptingTraits (0ms)
			SetupTypeCache (2119ms)
			ReleaseScriptCaches (1ms)
			RebuildScriptCaches (393ms)
			SetupLoadedEditorAssemblies (2604ms)
				LogAssemblyErrors (0ms)
				InitializePlatformSupportModulesInManaged (17ms)
				SetLoadedEditorAssemblies (2ms)
				RefreshPlugins (6ms)
				BeforeProcessingInitializeOnLoad (415ms)
				ProcessInitializeOnLoadAttributes (1942ms)
				ProcessInitializeOnLoadMethodAttributes (162ms)
				AfterProcessingInitializeOnLoad (61ms)
				EditorAssembliesLoaded (1ms)
			ExecutionOrderSort2 (0ms)
			AwakeInstancesAfterBackupRestoration (76ms)
Platform modules already initialized, skipping
========================================================================
Worker process is ready to serve import requests
Launching external process: /Applications/Unity/Unity.app/Contents/Tools/UnityShaderCompiler
Launched and connected shader compiler UnityShaderCompiler after 0.08 seconds
Refreshing native plugins compatible for Editor in 2.00 ms, found 2 plugins.
Preloading 0 native plugins for Editor in 0.00 ms.
Unloading 3047 Unused Serialized files (Serialized files now loaded: 0)
Unloading 24 unused Assets / (88.6 KB). Loaded Objects now: 3507.
Memory consumption went from 102.6 MB to 102.6 MB.
Total: 17.609250 ms (FindLiveObjects: 0.462477 ms CreateObjectMapping: 1.529607 ms MarkObjects: 14.884116 ms  DeleteObjects: 0.731035 ms)

AssetImportParameters requested are different than current active one (requested -> active):
  custom:video-decoder-ogg-theora: a1e56fd34408186e4bbccfd4996cb3dc -> 
  custom:container-muxer-webm: aa71ff27fc2769a1b78a27578f13a17b -> 
  custom:container-demuxer-webm: 4f35f7cbe854078d1ac9338744f61a02 -> 
  custom:video-encoder-webm-vp8: eb34c28f22e8b96e1ab97ce403110664 -> 
  custom:framework-osx-AVFoundation: e770b220cccbd017edd2c1fefb359320 -> 
  custom:audio-encoder-webm-vorbis: bf7c407c2cedff20999df2af8eb42d56 -> 
  custom:container-demuxer-ogg: 62fdf1f143b41e24485cea50d1cbac27 -> 
  custom:video-decoder-webm-vp8: 9c59270c3fd7afecdb556c50c9e8de78 -> 
  custom:audio-decoder-ogg-vorbis: bf7c407c2cedff20999df2af8eb42d56 -> 
========================================================================
Received Import Request.
  Time since last request: 21591.280707 seconds.
  path: Assets/CavePlatform2_2.fbx
  artifactKey: Guid(4d595a17305872f4ca35556ff5aa5097) Importer(815301076,1909f56bfc062723c751e8b465ee728b)
Start importing Assets/CavePlatform2_2.fbx using Guid(4d595a17305872f4ca35556ff5aa5097) Importer(815301076,1909f56bfc062723c751e8b465ee728b)  -> (artifact id: '8632316c6a5f618ebe6a70415297c924') in 7.239704 seconds 
========================================================================
Received Import Request.
  Time since last request: 0.000635 seconds.
  path: Assets/Shiba.fbx
  artifactKey: Guid(c46103d369d1854458f21f1e1b7d37fa) Importer(815301076,1909f56bfc062723c751e8b465ee728b)
Start importing Assets/Shiba.fbx using Guid(c46103d369d1854458f21f1e1b7d37fa) Importer(815301076,1909f56bfc062723c751e8b465ee728b)  -> (artifact id: '47733afb93917aaef2868585c1305973') in 0.811469 seconds 
========================================================================
Received Import Request.
  Time since last request: 0.000214 seconds.
  path: Assets/deneme.obj
  artifactKey: Guid(11428de5313eba146ab33f3812267694) Importer(815301076,1909f56bfc062723c751e8b465ee728b)
Start importing Assets/deneme.obj using Guid(11428de5313eba146ab33f3812267694) Importer(815301076,1909f56bfc062723c751e8b465ee728b)  -> (artifact id: '0131d894b3b4b2f90a81caf7ecb0ef4c') in 12.794588 seconds 
========================================================================
Received Import Request.
  Time since last request: 35.320222 seconds.
  path: Assets/CavePlatform2_4.fbx
  artifactKey: Guid(45bfaf21f6e1b5041a722d49aaf60c4c) Importer(815301076,1909f56bfc062723c751e8b465ee728b)
Start importing Assets/CavePlatform2_4.fbx using Guid(45bfaf21f6e1b5041a722d49aaf60c4c) Importer(815301076,1909f56bfc062723c751e8b465ee728b)  -> (artifact id: 'cfeec3514606beba8da9560865ace29c') in 0.570450 seconds 
========================================================================
Received Import Request.
  Time since last request: 0.000404 seconds.
  path: Assets/Thai_house.fbx
  artifactKey: Guid(edafdc11f2030004b88d58965ad30fb7) Importer(815301076,1909f56bfc062723c751e8b465ee728b)
Start importing Assets/Thai_house.fbx using Guid(edafdc11f2030004b88d58965ad30fb7) Importer(815301076,1909f56bfc062723c751e8b465ee728b)  -> (artifact id: '0ae6528bba9377981889aba4b10ab75f') in 44.066020 seconds 
